<?xml version="1.0" encoding="UTF-8"?>
<!-- Generated by org.testng.reporters.JUnitReportReporter -->
<testsuite hostname="Rahul4785-01" failures="0" tests="2" name="testMaven.TestGet200Test" time="0.513" errors="0" timestamp="2020-06-28T18:10:16 IST" skipped="0">
  <testcase classname="testMaven.TestGet200Test" name="baseUrlReturns200" time="0.375"/>
  <system-out/>
  <testcase classname="testMaven.TestGet200Test" name="rateLimit" time="0.138"/>
  <system-out/>
</testsuite> <!-- testMaven.TestGet200Test -->
